c:\users\andru\source\repos\oop\mmo-client\x64\debug\vc142.pdb
c:\users\andru\source\repos\oop\mmo-client\x64\debug\vc142.idb
c:\users\andru\source\repos\oop\mmo-client\x64\debug\socketmanager.obj
c:\users\andru\source\repos\oop\mmo-client\x64\debug\login.obj
c:\users\andru\source\repos\oop\mmo-client\x64\debug\main.obj
c:\users\andru\source\repos\oop\mmo-client\x64\debug\guilogin.obj
c:\users\andru\source\repos\oop\x64\debug\openal32.dll
c:\users\andru\source\repos\oop\x64\debug\sfml-audio-2.dll
c:\users\andru\source\repos\oop\x64\debug\sfml-audio-d-2.dll
c:\users\andru\source\repos\oop\x64\debug\sfml-graphics-2.dll
c:\users\andru\source\repos\oop\x64\debug\sfml-graphics-d-2.dll
c:\users\andru\source\repos\oop\x64\debug\sfml-network-2.dll
c:\users\andru\source\repos\oop\x64\debug\sfml-network-d-2.dll
c:\users\andru\source\repos\oop\x64\debug\sfml-system-2.dll
c:\users\andru\source\repos\oop\x64\debug\sfml-system-d-2.dll
c:\users\andru\source\repos\oop\x64\debug\sfml-window-2.dll
c:\users\andru\source\repos\oop\x64\debug\sfml-window-d-2.dll
c:\users\andru\source\repos\oop\x64\debug\tgui-d.dll
c:\users\andru\source\repos\oop\x64\debug\tgui.dll
c:\users\andru\source\repos\oop\x64\debug\mmo-client.exe
c:\users\andru\source\repos\oop\x64\debug\mmo-client.pdb
c:\users\andru\source\repos\oop\mmo-client\x64\debug\mmo-client.tlog\cl.command.1.tlog
c:\users\andru\source\repos\oop\mmo-client\x64\debug\mmo-client.tlog\cl.read.1.tlog
c:\users\andru\source\repos\oop\mmo-client\x64\debug\mmo-client.tlog\cl.write.1.tlog
c:\users\andru\source\repos\oop\mmo-client\x64\debug\mmo-client.tlog\copyfile.command.1.tlog
c:\users\andru\source\repos\oop\mmo-client\x64\debug\mmo-client.tlog\copyfile.read.1.tlog
c:\users\andru\source\repos\oop\mmo-client\x64\debug\mmo-client.tlog\copyfile.write.1.tlog
c:\users\andru\source\repos\oop\mmo-client\x64\debug\mmo-client.tlog\link.command.1.tlog
c:\users\andru\source\repos\oop\mmo-client\x64\debug\mmo-client.tlog\link.read.1.tlog
c:\users\andru\source\repos\oop\mmo-client\x64\debug\mmo-client.tlog\link.write.1.tlog
